<?xml version="1.0" encoding="UTF-8"?>
<!-- Generated by org.testng.reporters.JUnitReportReporter -->
<testsuite hostname="DESKTOP-9ORSESM" failures="0" tests="6" name="Question.testQuestionNo2" time="1.208" errors="0" timestamp="2022-05-13T13:49:14 IST" skipped="0">
  <testcase classname="Question.testQuestionNo2" name="verifyingSignUpOrgName" time="0.208"/>
  <system-out/>
  <testcase classname="Question.testQuestionNo2" name="verifyingSignUpSignupBtn" time="0.066"/>
  <system-out/>
  <testcase classname="Question.testQuestionNo2" name="verifyingSignUpEmail" time="0.154"/>
  <system-out/>
  <testcase classname="Question.testQuestionNo2" name="verifyingSignUpCheckBox" time="0.494"/>
  <system-out/>
  <testcase classname="Question.testQuestionNo2" name="verifyingSignUpLanguageDropdown" time="0.147"/>
  <system-out/>
  <testcase classname="Question.testQuestionNo2" name="verifyingSignUpUserName" time="0.139"/>
  <system-out/>
</testsuite> <!-- Question.testQuestionNo2 -->
